[2023-09-26T05:21:30.906+0000] {manager.py:487} INFO - Processing files using up to 2 processes at a time 
[2023-09-26T05:21:30.906+0000] {manager.py:488} INFO - Process each file at most once every 30 seconds
[2023-09-26T05:21:30.907+0000] {manager.py:489} INFO - Checking for new files in /opt/airflow/dags every 300 seconds
[2023-09-26T05:21:30.907+0000] {manager.py:759} INFO - Searching for files in /opt/airflow/dags
[2023-09-26T05:21:30.908+0000] {manager.py:762} INFO - There are 1 files in /opt/airflow/dags
[2023-09-26T05:21:32.262+0000] {manager.py:893} INFO - 
================================================================================
DAG File Processing Stats

File Path                         PID  Runtime      # DAGs    # Errors  Last Runtime    Last Run
------------------------------  -----  ---------  --------  ----------  --------------  ----------
/opt/airflow/dags/spark_ETL.py     35  0.28s             0           0
================================================================================
[2023-09-26T05:22:02.370+0000] {manager.py:893} INFO - 
================================================================================
DAG File Processing Stats

File Path                       PID    Runtime      # DAGs    # Errors  Last Runtime    Last Run
------------------------------  -----  ---------  --------  ----------  --------------  -------------------
/opt/airflow/dags/spark_ETL.py                           0           1  1.00s           2023-09-26T05:21:32
================================================================================
[2023-09-26T05:22:32.426+0000] {manager.py:893} INFO - 
================================================================================
DAG File Processing Stats

File Path                       PID    Runtime      # DAGs    # Errors  Last Runtime    Last Run
------------------------------  -----  ---------  --------  ----------  --------------  -------------------
/opt/airflow/dags/spark_ETL.py                           0           1  0.24s           2023-09-26T05:22:03
================================================================================
[2023-09-26T05:23:02.552+0000] {manager.py:893} INFO - 
================================================================================
DAG File Processing Stats

File Path                       PID    Runtime      # DAGs    # Errors  Last Runtime    Last Run
------------------------------  -----  ---------  --------  ----------  --------------  -------------------
/opt/airflow/dags/spark_ETL.py                           0           1  0.15s           2023-09-26T05:22:33
================================================================================
[2023-09-26T05:23:32.802+0000] {manager.py:893} INFO - 
================================================================================
DAG File Processing Stats

File Path                       PID    Runtime      # DAGs    # Errors  Last Runtime    Last Run
------------------------------  -----  ---------  --------  ----------  --------------  -------------------
/opt/airflow/dags/spark_ETL.py                           0           1  0.12s           2023-09-26T05:23:03
================================================================================
[2023-09-26T05:24:03.020+0000] {manager.py:893} INFO - 
================================================================================
DAG File Processing Stats

File Path                       PID    Runtime      # DAGs    # Errors  Last Runtime    Last Run
------------------------------  -----  ---------  --------  ----------  --------------  -------------------
/opt/airflow/dags/spark_ETL.py                           0           1  0.12s           2023-09-26T05:23:33
================================================================================
[2023-09-26T05:24:33.166+0000] {manager.py:893} INFO - 
================================================================================
DAG File Processing Stats

File Path                       PID    Runtime      # DAGs    # Errors  Last Runtime    Last Run
------------------------------  -----  ---------  --------  ----------  --------------  -------------------
/opt/airflow/dags/spark_ETL.py                           0           1  0.12s           2023-09-26T05:24:04
================================================================================
[2023-09-26T05:25:03.375+0000] {manager.py:893} INFO - 
================================================================================
DAG File Processing Stats

File Path                       PID    Runtime      # DAGs    # Errors  Last Runtime    Last Run
------------------------------  -----  ---------  --------  ----------  --------------  -------------------
/opt/airflow/dags/spark_ETL.py                           0           1  0.13s           2023-09-26T05:24:34
================================================================================
[2023-09-26T05:25:04.214+0000] {manager.py:469} INFO - Exiting gracefully upon receiving signal 15
